<?xml version="1.0" encoding="UTF-8"?>
<testng-results skipped="1" failed="0" total="1" passed="0">
  <reporter-output>
  </reporter-output>
  <suite name="Default suite" duration-ms="47055" started-at="2016-12-26T11:09:05Z" finished-at="2016-12-26T11:09:52Z">
    <groups>
    </groups>
    <test name="Default test" duration-ms="47055" started-at="2016-12-26T11:09:05Z" finished-at="2016-12-26T11:09:52Z">
      <class name="com.training.app.MavenFirstTest">
        <test-method status="FAIL" signature="setup()[pri:0, instance:com.training.app.MavenFirstTest@15be6bb]" name="setup" is-config="true" duration-ms="0" started-at="2016-12-26T16:39:05Z" finished-at="2016-12-26T16:39:05Z">
          <exception class="java.lang.Exception">
            <message>
              <![CDATA[FAILED WHILE INTIALIZING BROWSERFailed to connect to binary FirefoxBinary(C:\Program Files\Mozilla Firefox\firefox.exe) on port 7055; process output follows: 
hanges
1482750548423	addons.xpi	DEBUG	Updating database with changes to installed add-ons
1482750548423	addons.xpi-utils	DEBUG	Updating add-on states
1482750548424	addons.xpi-utils	DEBUG	Writing add-ons list
1482750548429	addons.xpi	DEBUG	Registering manifest for C:\Program Files\Mozilla Firefox\browser\features\e10srollout@mozilla.org.xpi
1482750548429	addons.xpi	DEBUG	Calling bootstrap method startup on e10srollout@mozilla.org version 1.0
1482750548430	addons.xpi	DEBUG	Registering manifest for C:\Program Files\Mozilla Firefox\browser\features\firefox@getpocket.com.xpi
1482750548430	addons.xpi	DEBUG	Calling bootstrap method startup on firefox@getpocket.com version 1.0.2
1482750548432	addons.xpi	DEBUG	Registering manifest for C:\Program Files\Mozilla Firefox\browser\features\loop@mozilla.org.xpi
1482750548433	addons.xpi	DEBUG	Calling bootstrap method startup on loop@mozilla.org version 1.3.2
1482750548463	addons.manager	DEBUG	Registering shutdown blocker for XPIProvider
1482750548463	addons.manager	DEBUG	Provider finished startup: XPIProvider
1482750548463	addons.manager	DEBUG	Starting provider: LightweightThemeManager
1482750548464	addons.manager	DEBUG	Registering shutdown blocker for LightweightThemeManager
1482750548464	addons.manager	DEBUG	Provider finished startup: LightweightThemeManager
1482750548465	addons.manager	DEBUG	Starting provider: GMPProvider
1482750548476	addons.manager	DEBUG	Registering shutdown blocker for GMPProvider
1482750548477	addons.manager	DEBUG	Provider finished startup: GMPProvider
1482750548477	addons.manager	DEBUG	Starting provider: PluginProvider
1482750548478	addons.manager	DEBUG	Registering shutdown blocker for PluginProvider
1482750548478	addons.manager	DEBUG	Provider finished startup: PluginProvider
1482750548478	addons.manager	DEBUG	Completed startup sequence
1482750549949	addons.manager	DEBUG	Starting provider: <unnamed-provider>
1482750549949	addons.manager	DEBUG	Registering shutdown blocker for <unnamed-provider>
1482750549950	addons.manager	DEBUG	Provider finished startup: <unnamed-provider>
1482750550437	DeferredSave.extensions.json	DEBUG	Write succeeded
1482750550437	addons.xpi-utils	DEBUG	XPI Database saved, setting schema version preference to 17
1482750550437	DeferredSave.extensions.json	DEBUG	Starting timer
1482750550467	DeferredSave.extensions.json	DEBUG	Starting write
1482750550499	addons.repository	DEBUG	No addons.json found.
1482750550500	DeferredSave.addons.json	DEBUG	Save changes
1482750550503	DeferredSave.addons.json	DEBUG	Starting timer
1482750550596	addons.manager	DEBUG	Starting provider: PreviousExperimentProvider
1482750550596	addons.manager	DEBUG	Registering shutdown blocker for PreviousExperimentProvider
1482750550597	addons.manager	DEBUG	Provider finished startup: PreviousExperimentProvider
1482750550602	DeferredSave.addons.json	DEBUG	Starting write
1482750550605	DeferredSave.extensions.json	DEBUG	Write succeeded
1482750550686	DeferredSave.addons.json	DEBUG	Write succeeded
1482750582408	addons.xpi	DEBUG	Calling bootstrap method shutdown on e10srollout@mozilla.org version 1.0
1482750582409	addons.xpi	DEBUG	Calling bootstrap method shutdown on firefox@getpocket.com version 1.0.2
1482750582410	addons.xpi	DEBUG	Calling bootstrap method shutdown on loop@mozilla.org version 1.3.2
1482750582811	addons.manager	DEBUG	shutdown
1482750582812	addons.manager	DEBUG	Calling shutdown blocker for XPIProvider
1482750582812	addons.xpi	DEBUG	shutdown
1482750582812	addons.xpi-utils	DEBUG	shutdown
1482750582813	addons.manager	DEBUG	Calling shutdown blocker for LightweightThemeManager
1482750582814	addons.manager	DEBUG	Calling shutdown blocker for GMPProvider
1482750582818	addons.manager	DEBUG	Calling shutdown blocker for PluginProvider
1482750582819	addons.manager	DEBUG	Calling shutdown blocker for <unnamed-provider>
1482750582821	addons.manager	DEBUG	Calling shutdown blocker for PreviousExperimentProvider
1482750582826	addons.xpi	DEBUG	Notifying XPI shutdown observers
1482750582831	addons.manager	DEBUG	Async provider shutdown done

Build info: version: '2.53.0', revision: '35ae25b1534ae328c771e0856c93e187490ca824', time: '2016-03-15 10:43:46'
System info: host: 'MKondapur', ip: '192.168.132.1', os.name: 'Windows 10', os.arch: 'x86', os.version: '10.0', java.version: '1.8.0_65'
Driver info: driver.version: FirefoxDriver]]>
            </message>
            <full-stacktrace>
              <![CDATA[java.lang.Exception: FAILED WHILE INTIALIZING BROWSERFailed to connect to binary FirefoxBinary(C:\Program Files\Mozilla Firefox\firefox.exe) on port 7055; process output follows: 
hanges
1482750548423	addons.xpi	DEBUG	Updating database with changes to installed add-ons
1482750548423	addons.xpi-utils	DEBUG	Updating add-on states
1482750548424	addons.xpi-utils	DEBUG	Writing add-ons list
1482750548429	addons.xpi	DEBUG	Registering manifest for C:\Program Files\Mozilla Firefox\browser\features\e10srollout@mozilla.org.xpi
1482750548429	addons.xpi	DEBUG	Calling bootstrap method startup on e10srollout@mozilla.org version 1.0
1482750548430	addons.xpi	DEBUG	Registering manifest for C:\Program Files\Mozilla Firefox\browser\features\firefox@getpocket.com.xpi
1482750548430	addons.xpi	DEBUG	Calling bootstrap method startup on firefox@getpocket.com version 1.0.2
1482750548432	addons.xpi	DEBUG	Registering manifest for C:\Program Files\Mozilla Firefox\browser\features\loop@mozilla.org.xpi
1482750548433	addons.xpi	DEBUG	Calling bootstrap method startup on loop@mozilla.org version 1.3.2
1482750548463	addons.manager	DEBUG	Registering shutdown blocker for XPIProvider
1482750548463	addons.manager	DEBUG	Provider finished startup: XPIProvider
1482750548463	addons.manager	DEBUG	Starting provider: LightweightThemeManager
1482750548464	addons.manager	DEBUG	Registering shutdown blocker for LightweightThemeManager
1482750548464	addons.manager	DEBUG	Provider finished startup: LightweightThemeManager
1482750548465	addons.manager	DEBUG	Starting provider: GMPProvider
1482750548476	addons.manager	DEBUG	Registering shutdown blocker for GMPProvider
1482750548477	addons.manager	DEBUG	Provider finished startup: GMPProvider
1482750548477	addons.manager	DEBUG	Starting provider: PluginProvider
1482750548478	addons.manager	DEBUG	Registering shutdown blocker for PluginProvider
1482750548478	addons.manager	DEBUG	Provider finished startup: PluginProvider
1482750548478	addons.manager	DEBUG	Completed startup sequence
1482750549949	addons.manager	DEBUG	Starting provider: <unnamed-provider>
1482750549949	addons.manager	DEBUG	Registering shutdown blocker for <unnamed-provider>
1482750549950	addons.manager	DEBUG	Provider finished startup: <unnamed-provider>
1482750550437	DeferredSave.extensions.json	DEBUG	Write succeeded
1482750550437	addons.xpi-utils	DEBUG	XPI Database saved, setting schema version preference to 17
1482750550437	DeferredSave.extensions.json	DEBUG	Starting timer
1482750550467	DeferredSave.extensions.json	DEBUG	Starting write
1482750550499	addons.repository	DEBUG	No addons.json found.
1482750550500	DeferredSave.addons.json	DEBUG	Save changes
1482750550503	DeferredSave.addons.json	DEBUG	Starting timer
1482750550596	addons.manager	DEBUG	Starting provider: PreviousExperimentProvider
1482750550596	addons.manager	DEBUG	Registering shutdown blocker for PreviousExperimentProvider
1482750550597	addons.manager	DEBUG	Provider finished startup: PreviousExperimentProvider
1482750550602	DeferredSave.addons.json	DEBUG	Starting write
1482750550605	DeferredSave.extensions.json	DEBUG	Write succeeded
1482750550686	DeferredSave.addons.json	DEBUG	Write succeeded
1482750582408	addons.xpi	DEBUG	Calling bootstrap method shutdown on e10srollout@mozilla.org version 1.0
1482750582409	addons.xpi	DEBUG	Calling bootstrap method shutdown on firefox@getpocket.com version 1.0.2
1482750582410	addons.xpi	DEBUG	Calling bootstrap method shutdown on loop@mozilla.org version 1.3.2
1482750582811	addons.manager	DEBUG	shutdown
1482750582812	addons.manager	DEBUG	Calling shutdown blocker for XPIProvider
1482750582812	addons.xpi	DEBUG	shutdown
1482750582812	addons.xpi-utils	DEBUG	shutdown
1482750582813	addons.manager	DEBUG	Calling shutdown blocker for LightweightThemeManager
1482750582814	addons.manager	DEBUG	Calling shutdown blocker for GMPProvider
1482750582818	addons.manager	DEBUG	Calling shutdown blocker for PluginProvider
1482750582819	addons.manager	DEBUG	Calling shutdown blocker for <unnamed-provider>
1482750582821	addons.manager	DEBUG	Calling shutdown blocker for PreviousExperimentProvider
1482750582826	addons.xpi	DEBUG	Notifying XPI shutdown observers
1482750582831	addons.manager	DEBUG	Async provider shutdown done

Build info: version: '2.53.0', revision: '35ae25b1534ae328c771e0856c93e187490ca824', time: '2016-03-15 10:43:46'
System info: host: 'MKondapur', ip: '192.168.132.1', os.name: 'Windows 10', os.arch: 'x86', os.version: '10.0', java.version: '1.8.0_65'
Driver info: driver.version: FirefoxDriver
	at com.training.app.MavenFirstTest.setup(MavenFirstTest.java:26)
	at sun.reflect.NativeMethodAccessorImpl.invoke0(Native Method)
	at sun.reflect.NativeMethodAccessorImpl.invoke(NativeMethodAccessorImpl.java:62)
	at sun.reflect.DelegatingMethodAccessorImpl.invoke(DelegatingMethodAccessorImpl.java:43)
	at java.lang.reflect.Method.invoke(Method.java:497)
	at org.testng.internal.MethodInvocationHelper.invokeMethod(MethodInvocationHelper.java:80)
	at org.testng.internal.Invoker.invokeConfigurationMethod(Invoker.java:564)
	at org.testng.internal.Invoker.invokeConfigurations(Invoker.java:213)
	at org.testng.internal.Invoker.invokeConfigurations(Invoker.java:138)
	at org.testng.internal.TestMethodWorker.invokeBeforeClassMethods(TestMethodWorker.java:175)
	at org.testng.internal.TestMethodWorker.run(TestMethodWorker.java:107)
	at org.testng.TestRunner.privateRun(TestRunner.java:767)
	at org.testng.TestRunner.run(TestRunner.java:617)
	at org.testng.SuiteRunner.runTest(SuiteRunner.java:334)
	at org.testng.SuiteRunner.runSequentially(SuiteRunner.java:329)
	at org.testng.SuiteRunner.privateRun(SuiteRunner.java:291)
	at org.testng.SuiteRunner.run(SuiteRunner.java:240)
	at org.testng.SuiteRunnerWorker.runSuite(SuiteRunnerWorker.java:52)
	at org.testng.SuiteRunnerWorker.run(SuiteRunnerWorker.java:86)
	at org.testng.TestNG.runSuitesSequentially(TestNG.java:1198)
	at org.testng.TestNG.runSuitesLocally(TestNG.java:1123)
	at org.testng.TestNG.run(TestNG.java:1031)
	at org.testng.remote.AbstractRemoteTestNG.run(AbstractRemoteTestNG.java:126)
	at org.testng.remote.RemoteTestNG.initAndRun(RemoteTestNG.java:137)
	at org.testng.remote.RemoteTestNG.main(RemoteTestNG.java:58)
]]>
            </full-stacktrace>
          </exception> <!-- java.lang.Exception -->
          <reporter-output>
          </reporter-output>
        </test-method> <!-- setup -->
        <test-method status="SKIP" signature="verify_Test()[pri:0, instance:com.training.app.MavenFirstTest@15be6bb]" name="verify_Test" duration-ms="3" started-at="2016-12-26T16:39:52Z" finished-at="2016-12-26T16:39:52Z">
          <reporter-output>
          </reporter-output>
        </test-method> <!-- verify_Test -->
        <test-method status="SKIP" signature="tearDown()[pri:0, instance:com.training.app.MavenFirstTest@15be6bb]" name="tearDown" is-config="true" duration-ms="0" started-at="2016-12-26T16:39:52Z" finished-at="2016-12-26T16:39:52Z">
          <reporter-output>
          </reporter-output>
        </test-method> <!-- tearDown -->
      </class> <!-- com.training.app.MavenFirstTest -->
    </test> <!-- Default test -->
  </suite> <!-- Default suite -->
</testng-results>
